STMicroelectronics assembler v4.49   (C)1987-2008   Fri Feb 01 17:48:15 2008
Page 1  Assembler
                                               c:\documents and settings\luciano silva\meus documentos\soniclear\st7\pisca\mapping.asm

   1                             st7/      
   2                                                              ;-------------------------------
                                                                  ;-----------------------
   3                                                              ; SEGMENT MAPPING FILE 
                                                                  ;AUTOMATICALLY GENERATED BY 
                                                                  ;STVD7
   4                                                              ; SHOULD NOT BE MANUALLY 
                                                                  ;MODIFIED.
   5                                                              ; CHANGES WILL BE LOST WHEN FILE
                                                                  ; IS REGENERATED.
   6                                                              ;-------------------------------
                                                                  ;-----------------------
   7  0000                                 BYTES                  ; The following addresses are 8 
                                                                  ;bits long
   8                                       segment  byte at 80-BF 'ram0'
   9                             
  10  0080                                 BYTES                  ; The following addresses are 8 
                                                                  ;bits long
  11                                       segment  byte at C0-FF 'stack'
  12                             
  13  00C0                                 WORDS                  ; The following addresses are 16
                                                                  ; bits long
  14                                       segment  byte at FC00-FFDF 'rom'
  15                             
  16  FC00                                 WORDS                  ; The following addresses are 16
                                                                  ; bits long
  17                                       segment  byte at FFE0-FFFF 'vectit'
  18                             
  19  FFE0                                 END      
STMicroelectronics assembler v4.49   (C)1987-2008   Fri Feb 01 17:48:15 2008
Page 2  Assembler
                                               c:\documents and settings\luciano silva\meus documentos\soniclear\st7\pisca\mapping.asm

Symbol Name                       Value     Call       Type  Scope      Rel.  Line  Privacy  Segment   Size  Bytes File


0 labels
No errors on assembly of 'c:\documents and settings\luciano silva\meus documentos\soniclear\st7\pisca\mapping.asm'