No errors on assembly of 'c:\documents and settings\luciano silva\meus documentos\soniclear\st7\pisca\mapping.asm'
No errors on assembly of 'C:\Documents and Settings\Luciano Silva\Meus documentos\Soniclear\ST7\Pisca\mapping.asm'
No errors on assembly of 'C:\Documents and Settings\Luciano Silva\Meus documentos\Soniclear\ST7\Pisca\mapping.asm'
No errors on assembly of 'C:\Documents and Settings\Luciano Silva\Meus documentos\Soniclear\ST7\Pisca\pisca_led.asm'
No errors on assembly of 'C:\Documents and Settings\Luciano Silva\Meus documentos\Soniclear\ST7\Pisca\pisca_led.asm'
No errors on assembly of 'C:\Documents and Settings\Luciano Silva\Meus documentos\Soniclear\ST7\Pisca\st7fliteus5.asm'
No errors on assembly of 'C:\Documents and Settings\Luciano Silva\Meus documentos\Soniclear\ST7\Pisca\st7fliteus5.asm'
No errors on assembly of 'C:\Documents and Settings\Luciano Silva\Meus documentos\Soniclear\ST7\Pisca\mapping.asm'
No errors on assembly of 'C:\Documents and Settings\Luciano Silva\Meus documentos\Soniclear\ST7\Pisca\pisca_led.asm'
No errors on assembly of 'C:\Documents and Settings\Luciano Silva\Meus documentos\Soniclear\ST7\Pisca\st7fliteus5.asm'
No errors on assembly of 'C:\Documents and Settings\Luciano Silva\Meus documentos\Soniclear\ST7\Pisca\mapping.asm'
No errors on assembly of 'C:\Documents and Settings\Luciano Silva\Meus documentos\Soniclear\ST7\Pisca\pisca_led.asm'
No errors on assembly of 'C:\Documents and Settings\Luciano Silva\Meus documentos\Soniclear\ST7\Pisca\pisca_led.asm'
No errors on assembly of 'C:\Documents and Settings\Luciano Silva\Meus documentos\Soniclear\ST7\Pisca\mapping.asm'
No errors on assembly of 'C:\Documents and Settings\Luciano Silva\Meus documentos\Soniclear\ST7\Pisca\pisca_led.asm'
No errors on assembly of 'C:\Documents and Settings\Luciano Silva\Meus documentos\Soniclear\ST7\Pisca\st7fliteus5.asm'
No errors on assembly of 'c:\documents and settings\luciano silva\meus documentos\soniclear\st7\pisca\pisca_led.asm'
No errors on assembly of 'c:\documents and settings\luciano silva\meus documentos\soniclear\st7\pisca\mapping.asm'
No errors on assembly of 'c:\documents and settings\luciano silva\meus documentos\soniclear\st7\pisca\pisca_led.asm'
No errors on assembly of 'c:\documents and settings\luciano silva\meus documentos\soniclear\st7\pisca\pisca_led.asm'
No errors on assembly of 'c:\documents and settings\luciano silva\meus documentos\soniclear\st7\pisca\mapping.asm'
No errors on assembly of 'c:\documents and settings\luciano silva\meus documentos\soniclear\st7\pisca\pisca_led.asm'
No errors on assembly of 'c:\documents and settings\luciano silva\meus documentos\soniclear\st7\pisca\st7fliteus5.asm'
No errors on assembly of 'c:\documents and settings\luciano silva\meus documentos\soniclear\st7\pisca\mapping.asm'
No errors on assembly of 'c:\documents and settings\luciano silva\meus documentos\soniclear\st7\pisca\pisca_led.asm'
No errors on assembly of 'c:\documents and settings\luciano silva\meus documentos\soniclear\st7\pisca\pisca_led.asm'
No errors on assembly of 'c:\documents and settings\luciano silva\meus documentos\soniclear\st7\pisca\mapping.asm'
No errors on assembly of 'c:\documents and settings\luciano silva\meus documentos\soniclear\st7\pisca\pisca_led.asm'
No errors on assembly of 'c:\documents and settings\luciano silva\meus documentos\soniclear\st7\pisca\st7fliteus5.asm'
No errors on assembly of 'c:\documents and settings\luciano silva\meus documentos\soniclear\st7\pisca\mapping.asm'
No errors on assembly of 'c:\documents and settings\luciano silva\meus documentos\soniclear\st7\pisca\pisca_led.asm'
No errors on assembly of 'c:\documents and settings\luciano silva\meus documentos\soniclear\st7\pisca\pisca_led.asm'
No errors on assembly of 'c:\documents and settings\luciano silva\meus documentos\soniclear\st7\pisca\mapping.asm'
No errors on assembly of 'c:\documents and settings\luciano silva\meus documentos\soniclear\st7\pisca\pisca_led.asm'
No errors on assembly of 'c:\documents and settings\luciano silva\meus documentos\soniclear\st7\pisca\st7fliteus5.asm'
No errors on assembly of 'c:\documents and settings\luciano silva\meus documentos\soniclear\st7\pisca\mapping.asm'
No errors on assembly of 'c:\documents and settings\luciano silva\meus documentos\soniclear\st7\pisca\mapping.asm'
No errors on assembly of 'c:\documents and settings\luciano silva\meus documentos\soniclear\st7\pisca\pisca_led.asm'
No errors on assembly of 'c:\documents and settings\luciano silva\meus documentos\soniclear\st7\pisca\pisca_led.asm'
No errors on assembly of 'c:\documents and settings\luciano silva\meus documentos\soniclear\st7\pisca\st7fliteus5.asm'
No errors on assembly of 'c:\documents and settings\luciano silva\meus documentos\soniclear\st7\pisca\st7fliteus5.asm'
No errors on assembly of 'c:\documents and settings\luciano silva\meus documentos\soniclear\st7\pisca\mapping.asm'
No errors on assembly of 'c:\documents and settings\luciano silva\meus documentos\soniclear\st7\pisca\pisca_led.asm'
No errors on assembly of 'c:\documents and settings\luciano silva\meus documentos\soniclear\st7\pisca\st7fliteus5.asm'
